2017-06-30 15:17:59 INFO  LogHelper:31 - HHH000204: Processing PersistenceUnitInfo [
	name: hibernate
	...]
2017-06-30 15:17:59 INFO  Version:45 - HHH000412: Hibernate Core {5.2.10.Final}
2017-06-30 15:17:59 INFO  Environment:213 - HHH000206: hibernate.properties not found
2017-06-30 15:17:59 INFO  Version:66 - HCANN000001: Hibernate Commons Annotations {5.0.1.Final}
2017-06-30 15:17:59 WARN  pooling:70 - HHH10001002: Using Hibernate built-in connection pool (not for production use!)
2017-06-30 15:17:59 INFO  pooling:126 - HHH10001005: using driver [com.mysql.cj.jdbc.Driver] at URL [jdbc:mysql://localhost:3306/management_system?useUnicode=true&useSSL=true&useJDBCCompliantTimezoneShift=true&useLegacyDatetimeCode=false&serverTimezone=UTC]
2017-06-30 15:17:59 INFO  pooling:135 - HHH10001001: Connection properties: {user=root, password=****}
2017-06-30 15:17:59 INFO  pooling:140 - HHH10001003: Autocommit mode: false
2017-06-30 15:17:59 INFO  DriverManagerConnectionProviderImpl:41 - HHH000115: Hibernate connection pool size: 20 (min=1)
2017-06-30 15:17:59 INFO  Dialect:157 - HHH000400: Using dialect: org.hibernate.dialect.MySQLDialect
2017-06-30 15:18:00 INFO  access:47 - HHH10001501: Connection obtained from JdbcConnectionAccess [org.hibernate.engine.jdbc.env.internal.JdbcEnvironmentInitiator$ConnectionProviderJdbcConnectionAccess@553f1d75] for (non-JTA) DDL execution was not in auto-commit mode; the Connection 'local transaction' will be committed and the Connection will be set into auto-commit mode.
2017-06-30 15:18:00 INFO  QueryTranslatorFactoryInitiator:47 - HHH000397: Using ASTQueryTranslatorFactory
2017-06-30 15:18:00 DEBUG SQL:92 - select project0_.id as id1_4_, project0_.company_id as company_4_4_, project0_.customer_id as customer5_4_, project0_.cost as cost2_4_, project0_.project_name as project_3_4_ from projects project0_
2017-06-30 15:18:00 DEBUG SQL:92 - select company0_.id as id1_0_0_, company0_.company_name as company_2_0_0_ from companies company0_ where company0_.id=?
2017-06-30 15:18:00 DEBUG SQL:92 - select customer0_.id as id1_1_0_, customer0_.customer_name as customer2_1_0_ from customers customer0_ where customer0_.id=?
2017-06-30 15:18:00 DEBUG SQL:92 - select company0_.id as id1_0_0_, company0_.company_name as company_2_0_0_ from companies company0_ where company0_.id=?
2017-06-30 15:18:00 DEBUG SQL:92 - select customer0_.id as id1_1_0_, customer0_.customer_name as customer2_1_0_ from customers customer0_ where customer0_.id=?
2017-06-30 15:18:00 DEBUG SQL:92 - select company0_.id as id1_0_0_, company0_.company_name as company_2_0_0_ from companies company0_ where company0_.id=?
2017-06-30 15:18:00 DEBUG SQL:92 - select customer0_.id as id1_1_0_, customer0_.customer_name as customer2_1_0_ from customers customer0_ where customer0_.id=?
2017-06-30 15:18:00 DEBUG SQL:92 - select developerl0_.project_id as project_5_2_0_, developerl0_.id as id1_2_0_, developerl0_.id as id1_2_1_, developerl0_.name as name2_2_1_, developerl0_.project_id as project_5_2_1_, developerl0_.salary as salary3_2_1_, developerl0_.surname as surname4_2_1_ from developers developerl0_ where developerl0_.project_id=?
2017-06-30 15:18:00 DEBUG SQL:92 - select skillslist0_.Developer_id as Develope1_3_0_, skillslist0_.skillsList_id as skillsLi2_3_0_, skills1_.id as id1_5_1_, skills1_.skills as skills2_5_1_ from developers_Skills skillslist0_ inner join Skills skills1_ on skillslist0_.skillsList_id=skills1_.id where skillslist0_.Developer_id=?
2017-06-30 15:18:00 DEBUG SQL:92 - select skillslist0_.Developer_id as Develope1_3_0_, skillslist0_.skillsList_id as skillsLi2_3_0_, skills1_.id as id1_5_1_, skills1_.skills as skills2_5_1_ from developers_Skills skillslist0_ inner join Skills skills1_ on skillslist0_.skillsList_id=skills1_.id where skillslist0_.Developer_id=?
2017-06-30 15:18:00 DEBUG SQL:92 - select developerl0_.project_id as project_5_2_0_, developerl0_.id as id1_2_0_, developerl0_.id as id1_2_1_, developerl0_.name as name2_2_1_, developerl0_.project_id as project_5_2_1_, developerl0_.salary as salary3_2_1_, developerl0_.surname as surname4_2_1_ from developers developerl0_ where developerl0_.project_id=?
2017-06-30 15:18:00 DEBUG SQL:92 - select skillslist0_.Developer_id as Develope1_3_0_, skillslist0_.skillsList_id as skillsLi2_3_0_, skills1_.id as id1_5_1_, skills1_.skills as skills2_5_1_ from developers_Skills skillslist0_ inner join Skills skills1_ on skillslist0_.skillsList_id=skills1_.id where skillslist0_.Developer_id=?
2017-06-30 15:18:00 DEBUG SQL:92 - select skillslist0_.Developer_id as Develope1_3_0_, skillslist0_.skillsList_id as skillsLi2_3_0_, skills1_.id as id1_5_1_, skills1_.skills as skills2_5_1_ from developers_Skills skillslist0_ inner join Skills skills1_ on skillslist0_.skillsList_id=skills1_.id where skillslist0_.Developer_id=?
2017-06-30 15:18:00 DEBUG SQL:92 - select developerl0_.project_id as project_5_2_0_, developerl0_.id as id1_2_0_, developerl0_.id as id1_2_1_, developerl0_.name as name2_2_1_, developerl0_.project_id as project_5_2_1_, developerl0_.salary as salary3_2_1_, developerl0_.surname as surname4_2_1_ from developers developerl0_ where developerl0_.project_id=?
2017-06-30 15:18:00 DEBUG SQL:92 - select skillslist0_.Developer_id as Develope1_3_0_, skillslist0_.skillsList_id as skillsLi2_3_0_, skills1_.id as id1_5_1_, skills1_.skills as skills2_5_1_ from developers_Skills skillslist0_ inner join Skills skills1_ on skillslist0_.skillsList_id=skills1_.id where skillslist0_.Developer_id=?
2017-06-30 15:18:00 DEBUG SQL:92 - select skillslist0_.Developer_id as Develope1_3_0_, skillslist0_.skillsList_id as skillsLi2_3_0_, skills1_.id as id1_5_1_, skills1_.skills as skills2_5_1_ from developers_Skills skillslist0_ inner join Skills skills1_ on skillslist0_.skillsList_id=skills1_.id where skillslist0_.Developer_id=?
2017-06-30 15:18:00 DEBUG SQL:92 - select developerl0_.project_id as project_5_2_0_, developerl0_.id as id1_2_0_, developerl0_.id as id1_2_1_, developerl0_.name as name2_2_1_, developerl0_.project_id as project_5_2_1_, developerl0_.salary as salary3_2_1_, developerl0_.surname as surname4_2_1_ from developers developerl0_ where developerl0_.project_id=?
2017-06-30 15:18:00 DEBUG SQL:92 - select skillslist0_.Developer_id as Develope1_3_0_, skillslist0_.skillsList_id as skillsLi2_3_0_, skills1_.id as id1_5_1_, skills1_.skills as skills2_5_1_ from developers_Skills skillslist0_ inner join Skills skills1_ on skillslist0_.skillsList_id=skills1_.id where skillslist0_.Developer_id=?
2017-06-30 15:18:00 DEBUG SQL:92 - select skillslist0_.Developer_id as Develope1_3_0_, skillslist0_.skillsList_id as skillsLi2_3_0_, skills1_.id as id1_5_1_, skills1_.skills as skills2_5_1_ from developers_Skills skillslist0_ inner join Skills skills1_ on skillslist0_.skillsList_id=skills1_.id where skillslist0_.Developer_id=?
2017-06-30 15:18:00 DEBUG SQL:92 - select skillslist0_.Developer_id as Develope1_3_0_, skillslist0_.skillsList_id as skillsLi2_3_0_, skills1_.id as id1_5_1_, skills1_.skills as skills2_5_1_ from developers_Skills skillslist0_ inner join Skills skills1_ on skillslist0_.skillsList_id=skills1_.id where skillslist0_.Developer_id=?
2017-06-30 15:18:00 DEBUG SQL:92 - select skillslist0_.Developer_id as Develope1_3_0_, skillslist0_.skillsList_id as skillsLi2_3_0_, skills1_.id as id1_5_1_, skills1_.skills as skills2_5_1_ from developers_Skills skillslist0_ inner join Skills skills1_ on skillslist0_.skillsList_id=skills1_.id where skillslist0_.Developer_id=?
2017-06-30 15:18:00 DEBUG SQL:92 - select skillslist0_.Developer_id as Develope1_3_0_, skillslist0_.skillsList_id as skillsLi2_3_0_, skills1_.id as id1_5_1_, skills1_.skills as skills2_5_1_ from developers_Skills skillslist0_ inner join Skills skills1_ on skillslist0_.skillsList_id=skills1_.id where skillslist0_.Developer_id=?
2017-06-30 15:18:00 DEBUG SQL:92 - select project0_.id as id1_4_, project0_.company_id as company_4_4_, project0_.customer_id as customer5_4_, project0_.cost as cost2_4_, project0_.project_name as project_3_4_ from projects project0_
2017-06-30 15:18:00 DEBUG SQL:92 - select company0_.id as id1_0_0_, company0_.company_name as company_2_0_0_ from companies company0_ where company0_.id=?
2017-06-30 15:18:00 DEBUG SQL:92 - select customer0_.id as id1_1_0_, customer0_.customer_name as customer2_1_0_ from customers customer0_ where customer0_.id=?
2017-06-30 15:18:00 DEBUG SQL:92 - select company0_.id as id1_0_0_, company0_.company_name as company_2_0_0_ from companies company0_ where company0_.id=?
2017-06-30 15:18:00 DEBUG SQL:92 - select customer0_.id as id1_1_0_, customer0_.customer_name as customer2_1_0_ from customers customer0_ where customer0_.id=?
2017-06-30 15:18:00 DEBUG SQL:92 - select company0_.id as id1_0_0_, company0_.company_name as company_2_0_0_ from companies company0_ where company0_.id=?
2017-06-30 15:18:00 DEBUG SQL:92 - select customer0_.id as id1_1_0_, customer0_.customer_name as customer2_1_0_ from customers customer0_ where customer0_.id=?
2017-06-30 15:18:00 DEBUG SQL:92 - select developerl0_.project_id as project_5_2_0_, developerl0_.id as id1_2_0_, developerl0_.id as id1_2_1_, developerl0_.name as name2_2_1_, developerl0_.project_id as project_5_2_1_, developerl0_.salary as salary3_2_1_, developerl0_.surname as surname4_2_1_ from developers developerl0_ where developerl0_.project_id=?
2017-06-30 15:18:00 DEBUG SQL:92 - select skillslist0_.Developer_id as Develope1_3_0_, skillslist0_.skillsList_id as skillsLi2_3_0_, skills1_.id as id1_5_1_, skills1_.skills as skills2_5_1_ from developers_Skills skillslist0_ inner join Skills skills1_ on skillslist0_.skillsList_id=skills1_.id where skillslist0_.Developer_id=?
2017-06-30 15:18:00 DEBUG SQL:92 - select skillslist0_.Developer_id as Develope1_3_0_, skillslist0_.skillsList_id as skillsLi2_3_0_, skills1_.id as id1_5_1_, skills1_.skills as skills2_5_1_ from developers_Skills skillslist0_ inner join Skills skills1_ on skillslist0_.skillsList_id=skills1_.id where skillslist0_.Developer_id=?
2017-06-30 15:18:00 DEBUG SQL:92 - select developerl0_.project_id as project_5_2_0_, developerl0_.id as id1_2_0_, developerl0_.id as id1_2_1_, developerl0_.name as name2_2_1_, developerl0_.project_id as project_5_2_1_, developerl0_.salary as salary3_2_1_, developerl0_.surname as surname4_2_1_ from developers developerl0_ where developerl0_.project_id=?
2017-06-30 15:18:00 DEBUG SQL:92 - select skillslist0_.Developer_id as Develope1_3_0_, skillslist0_.skillsList_id as skillsLi2_3_0_, skills1_.id as id1_5_1_, skills1_.skills as skills2_5_1_ from developers_Skills skillslist0_ inner join Skills skills1_ on skillslist0_.skillsList_id=skills1_.id where skillslist0_.Developer_id=?
2017-06-30 15:18:00 DEBUG SQL:92 - select skillslist0_.Developer_id as Develope1_3_0_, skillslist0_.skillsList_id as skillsLi2_3_0_, skills1_.id as id1_5_1_, skills1_.skills as skills2_5_1_ from developers_Skills skillslist0_ inner join Skills skills1_ on skillslist0_.skillsList_id=skills1_.id where skillslist0_.Developer_id=?
2017-06-30 15:18:00 DEBUG SQL:92 - select developerl0_.project_id as project_5_2_0_, developerl0_.id as id1_2_0_, developerl0_.id as id1_2_1_, developerl0_.name as name2_2_1_, developerl0_.project_id as project_5_2_1_, developerl0_.salary as salary3_2_1_, developerl0_.surname as surname4_2_1_ from developers developerl0_ where developerl0_.project_id=?
2017-06-30 15:18:00 DEBUG SQL:92 - select skillslist0_.Developer_id as Develope1_3_0_, skillslist0_.skillsList_id as skillsLi2_3_0_, skills1_.id as id1_5_1_, skills1_.skills as skills2_5_1_ from developers_Skills skillslist0_ inner join Skills skills1_ on skillslist0_.skillsList_id=skills1_.id where skillslist0_.Developer_id=?
2017-06-30 15:18:00 DEBUG SQL:92 - select skillslist0_.Developer_id as Develope1_3_0_, skillslist0_.skillsList_id as skillsLi2_3_0_, skills1_.id as id1_5_1_, skills1_.skills as skills2_5_1_ from developers_Skills skillslist0_ inner join Skills skills1_ on skillslist0_.skillsList_id=skills1_.id where skillslist0_.Developer_id=?
2017-06-30 15:18:00 DEBUG SQL:92 - select developerl0_.project_id as project_5_2_0_, developerl0_.id as id1_2_0_, developerl0_.id as id1_2_1_, developerl0_.name as name2_2_1_, developerl0_.project_id as project_5_2_1_, developerl0_.salary as salary3_2_1_, developerl0_.surname as surname4_2_1_ from developers developerl0_ where developerl0_.project_id=?
2017-06-30 15:18:00 DEBUG SQL:92 - select skillslist0_.Developer_id as Develope1_3_0_, skillslist0_.skillsList_id as skillsLi2_3_0_, skills1_.id as id1_5_1_, skills1_.skills as skills2_5_1_ from developers_Skills skillslist0_ inner join Skills skills1_ on skillslist0_.skillsList_id=skills1_.id where skillslist0_.Developer_id=?
2017-06-30 15:18:00 DEBUG SQL:92 - select skillslist0_.Developer_id as Develope1_3_0_, skillslist0_.skillsList_id as skillsLi2_3_0_, skills1_.id as id1_5_1_, skills1_.skills as skills2_5_1_ from developers_Skills skillslist0_ inner join Skills skills1_ on skillslist0_.skillsList_id=skills1_.id where skillslist0_.Developer_id=?
2017-06-30 15:18:00 DEBUG SQL:92 - select skillslist0_.Developer_id as Develope1_3_0_, skillslist0_.skillsList_id as skillsLi2_3_0_, skills1_.id as id1_5_1_, skills1_.skills as skills2_5_1_ from developers_Skills skillslist0_ inner join Skills skills1_ on skillslist0_.skillsList_id=skills1_.id where skillslist0_.Developer_id=?
2017-06-30 15:18:00 DEBUG SQL:92 - select skillslist0_.Developer_id as Develope1_3_0_, skillslist0_.skillsList_id as skillsLi2_3_0_, skills1_.id as id1_5_1_, skills1_.skills as skills2_5_1_ from developers_Skills skillslist0_ inner join Skills skills1_ on skillslist0_.skillsList_id=skills1_.id where skillslist0_.Developer_id=?
2017-06-30 15:18:00 DEBUG SQL:92 - select skillslist0_.Developer_id as Develope1_3_0_, skillslist0_.skillsList_id as skillsLi2_3_0_, skills1_.id as id1_5_1_, skills1_.skills as skills2_5_1_ from developers_Skills skillslist0_ inner join Skills skills1_ on skillslist0_.skillsList_id=skills1_.id where skillslist0_.Developer_id=?
2017-06-30 15:18:03 INFO  pooling:230 - HHH10001008: Cleaning up connection pool [jdbc:mysql://localhost:3306/management_system?useUnicode=true&useSSL=true&useJDBCCompliantTimezoneShift=true&useLegacyDatetimeCode=false&serverTimezone=UTC]
